<?xml version="1.0" encoding="UTF-8"?>
<!-- Generated by org.testng.reporters.JUnitReportReporter -->
<testsuite hostname="iDeliver8" name="com.QA.Autocomplete.Default_functionality" tests="1" failures="0" timestamp="7 Dec 2017 15:46:56 GMT" time="42.617" errors="0">
  <testcase name="run" time="42.617" classname="com.QA.Autocomplete.Default_functionality"/>
</testsuite> <!-- com.QA.Autocomplete.Default_functionality -->
