<?xml version="1.0" encoding="UTF-8"?>
<!-- Generated by org.testng.reporters.JUnitReportReporter -->
<testsuite hostname="iDeliver8" name="com.QA.Tooltips.Default_functionality" tests="1" failures="0" timestamp="11 Dec 2017 13:16:02 GMT" time="25.169" errors="0">
  <testcase name="run" time="25.169" classname="com.QA.Tooltips.Default_functionality"/>
</testsuite> <!-- com.QA.Tooltips.Default_functionality -->
