<?xml version="1.0" encoding="UTF-8"?>
<!-- Generated by org.testng.reporters.JUnitReportReporter -->
<testsuite hostname="iDeliver8" name="com.QA.Draggable.Default_functionality" tests="1" failures="0" timestamp="4 Dec 2017 14:36:07 GMT" time="20.312" errors="0">
  <testcase name="run" time="20.312" classname="com.QA.Draggable.Default_functionality"/>
</testsuite> <!-- com.QA.Draggable.Default_functionality -->
