<?xml version="1.0" encoding="UTF-8"?>
<!-- Generated by org.testng.reporters.JUnitReportReporter -->
<testsuite hostname="iDeliver8" name="com.QA.Tabs.Tabs" tests="1" failures="0" timestamp="11 Dec 2017 12:36:05 GMT" time="16.508" errors="0">
  <testcase name="run" time="16.508" classname="com.QA.Tabs.Tabs"/>
</testsuite> <!-- com.QA.Tabs.Tabs -->
