<?xml version="1.0" encoding="UTF-8"?>
<!-- Generated by org.testng.reporters.JUnitReportReporter -->
<testsuite hostname="iDeliver8" name="com.QA.Droppable.Shopping_cart_demo" tests="1" failures="0" timestamp="12 Dec 2017 14:04:10 GMT" time="28.656" errors="0">
  <testcase name="run" time="28.656" classname="com.QA.Droppable.Shopping_cart_demo"/>
</testsuite> <!-- com.QA.Droppable.Shopping_cart_demo -->
