<?xml version="1.0" encoding="UTF-8"?>
<!-- Generated by org.testng.reporters.JUnitReportReporter -->
<testsuite hostname="iDeliver8" name="com.QA.Resizable.Default_functionality" tests="1" failures="0" timestamp="11 Dec 2017 13:49:32 GMT" time="19.946" errors="0">
  <testcase name="run" time="19.946" classname="com.QA.Resizable.Default_functionality"/>
</testsuite> <!-- com.QA.Resizable.Default_functionality -->
