<?xml version="1.0" encoding="UTF-8"?>
<!-- Generated by org.testng.reporters.JUnitReportReporter -->
<testsuite hostname="iDeliver8" name="com.QA.Droppable.Prevent_propagation" tests="1" failures="0" timestamp="12 Dec 2017 11:54:53 GMT" time="44.661" errors="0">
  <testcase name="run" time="44.661" classname="com.QA.Droppable.Prevent_propagation"/>
</testsuite> <!-- com.QA.Droppable.Prevent_propagation -->
