<?xml version="1.0" encoding="UTF-8"?>
<!-- Generated by org.testng.reporters.JUnitReportReporter -->
<testsuite hostname="iDeliver8" name="com.QA.Autocomplete.Categories" tests="1" failures="0" timestamp="8 Dec 2017 12:42:36 GMT" time="20.405" errors="0">
  <testcase name="run" time="20.405" classname="com.QA.Autocomplete.Categories"/>
</testsuite> <!-- com.QA.Autocomplete.Categories -->
