<?xml version="1.0" encoding="UTF-8"?>
<!-- Generated by org.testng.reporters.JUnitReportReporter -->
<testsuite hostname="iDeliver8" name="com.QA.Resizable.Animate" tests="1" failures="0" timestamp="11 Dec 2017 13:53:38 GMT" time="23.512" errors="0">
  <testcase name="run" time="23.512" classname="com.QA.Resizable.Animate"/>
</testsuite> <!-- com.QA.Resizable.Animate -->
