<?xml version="1.0" encoding="UTF-8"?>
<!-- Generated by org.testng.reporters.JUnitReportReporter -->
<testsuite hostname="iDeliver8" name="com.QA.Registration.Registration" tests="1" failures="0" timestamp="4 Dec 2017 14:14:29 GMT" time="68.714" errors="0">
  <testcase name="Run" time="68.714" classname="com.QA.Registration.Registration"/>
</testsuite> <!-- com.QA.Registration.Registration -->
