<?xml version="1.0" encoding="UTF-8"?>
<!-- Generated by org.testng.reporters.JUnitReportReporter -->
<testsuite hostname="iDeliver8" name="com.QA.Slider.Range_slider" tests="1" failures="0" timestamp="11 Dec 2017 12:15:28 GMT" time="18.253" errors="0">
  <testcase name="run" time="18.253" classname="com.QA.Slider.Range_slider"/>
</testsuite> <!-- com.QA.Slider.Range_slider -->
