<?xml version="1.0" encoding="UTF-8"?>
<!-- Generated by org.testng.reporters.JUnitReportReporter -->
<testsuite hostname="iDeliver8" name="com.QA.Resizable.Constrain_resize_area" tests="1" failures="0" timestamp="11 Dec 2017 13:59:44 GMT" time="15.698" errors="0">
  <testcase name="run" time="15.698" classname="com.QA.Resizable.Constrain_resize_area"/>
</testsuite> <!-- com.QA.Resizable.Constrain_resize_area -->
