<?xml version="1.0" encoding="UTF-8"?>
<!-- Generated by org.testng.reporters.JUnitReportReporter -->
<testsuite hostname="iDeliver8" name="com.QA.Resizable.Max_Min_size" tests="1" failures="0" timestamp="11 Dec 2017 16:44:01 GMT" time="31.112" errors="0">
  <testcase name="run" time="31.112" classname="com.QA.Resizable.Max_Min_size"/>
</testsuite> <!-- com.QA.Resizable.Max_Min_size -->
