<?xml version="1.0" encoding="UTF-8"?>
<!-- Generated by org.testng.reporters.JUnitReportReporter -->
<testsuite hostname="iDeliver8" name="com.QA.Menu.Simple_Menu" tests="1" failures="0" timestamp="8 Dec 2017 16:35:20 GMT" time="34.793" errors="0">
  <testcase name="run" time="34.793" classname="com.QA.Menu.Simple_Menu"/>
</testsuite> <!-- com.QA.Menu.Simple_Menu -->
