<?xml version="1.0" encoding="UTF-8"?>
<!-- Generated by org.testng.reporters.JUnitReportReporter -->
<testsuite hostname="iDeliver8" name="com.QA.Draggable.Constrain_movement" tests="1" failures="0" timestamp="4 Dec 2017 15:02:22 GMT" time="30.970" errors="0">
  <testcase name="Run" time="30.970" classname="com.QA.Draggable.Constrain_movement"/>
</testsuite> <!-- com.QA.Draggable.Constrain_movement -->
