<?xml version="1.0" encoding="UTF-8"?>
<!-- Generated by org.testng.reporters.JUnitReportReporter -->
<testsuite hostname="iDeliver8" name="com.QA.Draggable.Events" tests="1" failures="0" timestamp="6 Dec 2017 12:16:50 GMT" time="21.383" errors="0">
  <testcase name="Run" time="21.383" classname="com.QA.Draggable.Events"/>
</testsuite> <!-- com.QA.Draggable.Events -->
