<?xml version="1.0" encoding="UTF-8"?>
<!-- Generated by org.testng.reporters.JUnitReportReporter -->
<testsuite hostname="iDeliver8" name="com.QA.selectable.Serialize" tests="1" failures="0" timestamp="11 Dec 2017 13:35:38 GMT" time="16.252" errors="0">
  <testcase name="run" time="16.252" classname="com.QA.selectable.Serialize"/>
</testsuite> <!-- com.QA.selectable.Serialize -->
