<?xml version="1.0" encoding="UTF-8"?>
<!-- Generated by org.testng.reporters.JUnitReportReporter -->
<testsuite hostname="iDeliver8" name="com.QA.Draggable.Draggable_Sortable" tests="1" failures="0" timestamp="12 Dec 2017 14:20:15 GMT" time="22.157" errors="0">
  <testcase name="Run" time="22.157" classname="com.QA.Draggable.Draggable_Sortable"/>
</testsuite> <!-- com.QA.Draggable.Draggable_Sortable -->
