<?xml version="1.0" encoding="UTF-8"?>
<!-- Generated by org.testng.reporters.JUnitReportReporter -->
<testsuite hostname="iDeliver8" name="com.QA.Tooltips.Custom_animation_demo" tests="1" failures="0" timestamp="11 Dec 2017 13:20:19 GMT" time="23.609" errors="0">
  <testcase name="run" time="23.609" classname="com.QA.Tooltips.Custom_animation_demo"/>
</testsuite> <!-- com.QA.Tooltips.Custom_animation_demo -->
