<?xml version="1.0" encoding="UTF-8"?>
<!-- Generated by org.testng.reporters.JUnitReportReporter -->
<testsuite hostname="iDeliver8" name="com.QA.Autocomplete.Multiple_Values" tests="1" failures="0" timestamp="7 Dec 2017 18:17:01 GMT" time="21.424" errors="0">
  <testcase name="run" time="21.424" classname="com.QA.Autocomplete.Multiple_Values"/>
</testsuite> <!-- com.QA.Autocomplete.Multiple_Values -->
