<?xml version="1.0" encoding="UTF-8"?>
<!-- Generated by org.testng.reporters.JUnitReportReporter -->
<testsuite hostname="iDeliver8" name="com.QA.selectable.Display_as_grid" tests="1" failures="0" timestamp="11 Dec 2017 13:33:15 GMT" time="27.660" errors="0">
  <testcase name="run" time="27.660" classname="com.QA.selectable.Display_as_grid"/>
</testsuite> <!-- com.QA.selectable.Display_as_grid -->
