<?xml version="1.0" encoding="UTF-8"?>
<!-- Generated by org.testng.reporters.JUnitReportReporter -->
<testsuite hostname="iDeliver8" name="com.QA.datepicker.Display_month_year" tests="1" failures="0" timestamp="8 Dec 2017 14:03:13 GMT" time="19.439" errors="0">
  <testcase name="run" time="19.439" classname="com.QA.datepicker.Display_month_year"/>
</testsuite> <!-- com.QA.datepicker.Display_month_year -->
