<?xml version="1.0" encoding="UTF-8"?>
<!-- Generated by org.testng.reporters.JUnitReportReporter -->
<testsuite hostname="iDeliver8" name="com.QA.selectable.Default_functionality" tests="1" failures="0" timestamp="11 Dec 2017 13:31:13 GMT" time="26.003" errors="0">
  <testcase name="run" time="26.003" classname="com.QA.selectable.Default_functionality"/>
</testsuite> <!-- com.QA.selectable.Default_functionality -->
