<?xml version="1.0" encoding="UTF-8"?>
<!-- Generated by org.testng.reporters.JUnitReportReporter -->
<testsuite hostname="iDeliver8" name="com.QA.datepicker.Format_date" tests="1" failures="0" timestamp="11 Dec 2017 14:05:36 GMT" time="18.993" errors="0">
  <testcase name="run" time="18.993" classname="com.QA.datepicker.Format_date"/>
</testsuite> <!-- com.QA.datepicker.Format_date -->
