<?xml version="1.0" encoding="UTF-8"?>
<!-- Generated by org.testng.reporters.JUnitReportReporter -->
<testsuite hostname="iDeliver8" name="com.RA.e2e.RA_script" tests="3" failures="0" timestamp="11 Apr 2018 16:15:36 GMT" time="88.835" errors="0">
  <testcase name="Launch" time="30.644" classname="com.RA.e2e.RA_script"/>
  <testcase name="Login_RA_page" time="34.681" classname="com.RA.e2e.RA_script"/>
  <testcase name="Logout_RA_page" time="23.510" classname="com.RA.e2e.RA_script"/>
</testsuite> <!-- com.RA.e2e.RA_script -->
