<?xml version="1.0" encoding="UTF-8"?>
<!-- Generated by org.testng.reporters.JUnitReportReporter -->
<testsuite hostname="iDeliver8" name="com.HM.e2e.Delete_mail" tests="1" failures="0" timestamp="19 Jan 2018 11:13:20 GMT" time="87.066" errors="0">
  <testcase name="run" time="87.066" classname="com.HM.e2e.Delete_mail"/>
</testsuite> <!-- com.HM.e2e.Delete_mail -->
