<?xml version="1.0" encoding="UTF-8"?>
<!-- Generated by org.testng.reporters.JUnitReportReporter -->
<testsuite hostname="iDeliver8" name="com.HM.e2e.Mail_script_multiple_iteration_2" tests="5" failures="0" timestamp="23 Jan 2018 16:46:01 GMT" time="96.973" errors="0">
  <testcase name="Logout_HM_page" time="11.530" classname="com.HM.e2e.Mail_script_multiple_iteration_2"/>
  <testcase name="Login_HM_page" time="11.831" classname="com.HM.e2e.Mail_script_multiple_iteration_2"/>
  <testcase name="Mail" time="9.300" classname="com.HM.e2e.Mail_script_multiple_iteration_2"/>
  <testcase name="Mail" time="34.206" classname="com.HM.e2e.Mail_script_multiple_iteration_2"/>
  <testcase name="Send_mail_verify" time="30.106" classname="com.HM.e2e.Mail_script_multiple_iteration_2"/>
</testsuite> <!-- com.HM.e2e.Mail_script_multiple_iteration_2 -->
