<?xml version="1.0" encoding="UTF-8"?>
<!-- Generated by org.testng.reporters.JUnitReportReporter -->
<testsuite hostname="iDeliver8" name="com.HM.e2e.Mail_script" tests="4" failures="0" timestamp="19 Jan 2018 10:12:29 GMT" time="94.880" errors="0">
  <testcase name="Mail" time="37.992" classname="com.HM.e2e.Mail_script"/>
  <testcase name="Login_HM_page" time="14.872" classname="com.HM.e2e.Mail_script"/>
  <testcase name="Send_mail_verify" time="30.392" classname="com.HM.e2e.Mail_script"/>
  <testcase name="Logout_HM_page" time="11.624" classname="com.HM.e2e.Mail_script"/>
</testsuite> <!-- com.HM.e2e.Mail_script -->
