<?xml version="1.0" encoding="UTF-8"?>
<!-- Generated by org.testng.reporters.JUnitReportReporter -->
<testsuite hostname="iDeliver8" name="com.HM.e2e.run" tests="1" failures="0" timestamp="23 Jan 2018 14:35:18 GMT" time="45.940" errors="0">
  <testcase name="run1" time="45.940" classname="com.HM.e2e.run"/>
</testsuite> <!-- com.HM.e2e.run -->
