<?xml version="1.0" encoding="UTF-8"?>
<!-- Generated by org.testng.reporters.JUnitReportReporter -->
<testsuite hostname="iDeliver8" name="testNG.LoginGmailTest1" tests="6" failures="0" timestamp="11 Apr 2017 14:34:44 GMT" time="13.673" errors="0">
  <testcase name="Cc" time="4.314" classname="testNG.LoginGmailTest1"/>
  <testcase name="Composebutton" time="7.233" classname="testNG.LoginGmailTest1"/>
  <testcase name="Send" time="0.284" classname="testNG.LoginGmailTest1"/>
  <testcase name="Content" time="0.462" classname="testNG.LoginGmailTest1"/>
  <testcase name="To" time="1.134" classname="testNG.LoginGmailTest1"/>
  <testcase name="Subject" time="0.246" classname="testNG.LoginGmailTest1"/>
</testsuite> <!-- testNG.LoginGmailTest1 -->
