<?xml version="1.0" encoding="UTF-8"?>
<!-- Generated by org.testng.reporters.JUnitReportReporter -->
<testsuite hostname="iDeliver8" name="testNG.test" tests="3" failures="0" timestamp="4 May 2017 14:26:31 GMT" time="0.019" errors="0">
  <testcase name="Test2" time="0.003" classname="testNG.test"/>
  <testcase name="Test3" time="0.004" classname="testNG.test"/>
  <testcase name="Test1" time="0.012" classname="testNG.test"/>
</testsuite> <!-- testNG.test -->
