<?xml version="1.0" encoding="UTF-8"?>
<!-- Generated by org.testng.reporters.JUnitReportReporter -->
<testsuite skipped="0" hostname="iDeliver8" name="selenium_grid.Grid_testng" tests="1" failures="0" timestamp="23 May 2017 18:25:31 GMT" time="20.568" errors="0">
  <testcase name="f" time="20.568" classname="selenium_grid.Grid_testng"/>
</testsuite> <!-- selenium_grid.Grid_testng -->
