<?xml version="1.0" encoding="UTF-8"?>
<!-- Generated by org.testng.reporters.JUnitReportReporter -->
<testsuite skipped="0" hostname="iDeliver8" name="jenkins.Demo_jenkins" tests="1" failures="0" timestamp="25 May 2017 14:05:46 GMT" time="71.997" errors="0">
  <testcase name="Run" time="71.997" classname="jenkins.Demo_jenkins"/>
</testsuite> <!-- jenkins.Demo_jenkins -->
