<?xml version="1.0" encoding="UTF-8"?>
<!-- Generated by org.testng.reporters.JUnitReportReporter -->
<testsuite skipped="0" hostname="iDeliver8" name="testNG.Gmail_by_class" tests="3" failures="0" timestamp="09 May 2017 13:49:33 GMT" time="30.422" errors="0">
  <testcase name="Test1" time="4.232" classname="testNG.Gmail_by_class"/>
  <testcase name="Snd_Msg" time="18.099" classname="testNG.Gmail_by_class"/>
  <testcase name="Snd_Msg" time="8.091" classname="testNG.Gmail_by_class"/>
</testsuite> <!-- testNG.Gmail_by_class -->
