<?xml version="1.0" encoding="UTF-8"?>
<!-- Generated by org.testng.reporters.JUnitReportReporter -->
<testsuite skipped="0" hostname="iDeliver8" name="string.Alphanumeric" tests="1" failures="0" timestamp="19 Dec 2017 16:04:38 GMT" time="0.011" errors="0">
  <testcase name="run" time="0.011" classname="string.Alphanumeric"/>
</testsuite> <!-- string.Alphanumeric -->
