<?xml version="1.0" encoding="UTF-8"?>
<!-- Generated by org.testng.reporters.JUnitReportReporter -->
<testsuite skipped="0" hostname="iDeliver8" name="string.Palindrome" tests="1" failures="0" timestamp="19 Dec 2017 13:40:26 GMT" time="0.014" errors="0">
  <testcase name="run" time="0.014" classname="string.Palindrome"/>
</testsuite> <!-- string.Palindrome -->
