<?xml version="1.0" encoding="UTF-8"?>
<!-- Generated by org.testng.reporters.JUnitReportReporter -->
<testsuite skipped="0" hostname="iDeliver8" name="package_1.Enroll_user" tests="1" failures="0" timestamp="01 Jun 2017 11:21:39 GMT" time="31.586" errors="0">
  <testcase name="run" time="31.586" classname="package_1.Enroll_user"/>
</testsuite> <!-- package_1.Enroll_user -->
