<?xml version="1.0" encoding="UTF-8"?>
<!-- Generated by org.testng.reporters.JUnitReportReporter -->
<testsuite skipped="0" hostname="iDeliver8" name="script.Scenario_flight" tests="6" failures="0" timestamp="18 Oct 2017 12:14:52 GMT" time="72.077" errors="0">
  <testcase name="Launch" time="21.408" classname="script.Scenario_flight"/>
  <testcase name="Flight_Search" time="15.609" classname="script.Scenario_flight"/>
  <testcase name="Flight_Select" time="23.923" classname="script.Scenario_flight"/>
  <testcase name="Price_verification" time="5.985" classname="script.Scenario_flight"/>
  <testcase name="Passenger_select" time="3.919" classname="script.Scenario_flight"/>
  <testcase name="Pay" time="1.233" classname="script.Scenario_flight"/>
</testsuite> <!-- script.Scenario_flight -->
