<?xml version="1.0" encoding="UTF-8"?>
<!-- Generated by org.testng.reporters.JUnitReportReporter -->
<testsuite skipped="0" hostname="iDeliver8" name="script.Scenario_car" tests="4" failures="0" timestamp="17 Oct 2017 17:21:44 GMT" time="100.780" errors="0">
  <testcase name="Launch" time="23.661" classname="script.Scenario_car"/>
  <testcase name="Search" time="35.382" classname="script.Scenario_car"/>
  <testcase name="Book" time="30.645" classname="script.Scenario_car"/>
  <testcase name="Verify" time="11.092" classname="script.Scenario_car"/>
</testsuite> <!-- script.Scenario_car -->
