<?xml version="1.0" encoding="UTF-8"?>
<!-- Generated by org.testng.reporters.JUnitReportReporter -->
<testsuite skipped="0" hostname="iDeliver8" name="script.Scenario" tests="6" failures="0" timestamp="11 Jul 2017 11:59:17 GMT" time="150.786" errors="0">
  <testcase name="Launch" time="14.216" classname="script.Scenario"/>
  <testcase name="Flight_Search" time="11.514" classname="script.Scenario"/>
  <testcase name="Flight_Select" time="67.466" classname="script.Scenario"/>
  <testcase name="Price_verification" time="48.553" classname="script.Scenario"/>
  <testcase name="Passenger_select" time="7.773" classname="script.Scenario"/>
  <testcase name="Pay" time="1.264" classname="script.Scenario"/>
</testsuite> <!-- script.Scenario -->
