<?xml version="1.0" encoding="UTF-8"?>
<!-- Generated by org.testng.reporters.JUnitReportReporter -->
<testsuite skipped="0" hostname="iDeliver8" name="package_1.Car_booking" tests="4" failures="0" timestamp="15 Jun 2017 10:50:39 GMT" time="88.618" errors="0">
  <testcase name="Launch" time="17.981" classname="package_1.Car_booking"/>
  <testcase name="Car_search" time="60.497" classname="package_1.Car_booking"/>
  <testcase name="Car_book" time="9.377" classname="package_1.Car_booking"/>
  <testcase name="Customer_details" time="0.763" classname="package_1.Car_booking"/>
</testsuite> <!-- package_1.Car_booking -->
