<?xml version="1.0" encoding="UTF-8"?>
<!-- Generated by org.testng.reporters.JUnitReportReporter -->
<testsuite skipped="0" hostname="iDeliver8" name="script.Scenario_hotel" tests="5" failures="0" timestamp="13 Nov 2017 12:06:05 GMT" time="84.893" errors="0">
  <testcase name="Launch" time="20.346" classname="script.Scenario_hotel"/>
  <testcase name="Hotel_search" time="21.930" classname="script.Scenario_hotel"/>
  <testcase name="Hotel_room_select" time="14.917" classname="script.Scenario_hotel"/>
  <testcase name="Customer_details" time="21.116" classname="script.Scenario_hotel"/>
  <testcase name="Payment_details" time="6.584" classname="script.Scenario_hotel"/>
</testsuite> <!-- script.Scenario_hotel -->
